INFO:root:0.1, 0.4, 0.441886565103
INFO:root:0.1, 0.42, 0.438804254443
INFO:root:0.1, 0.44, 0.449744290447
INFO:root:0.1, 0.46, 0.453959330178
INFO:root:0.1, 0.48, 0.455994524927
INFO:root:0.1, 0.5, 0.462245163985
INFO:root:0.1, 0.52, 0.462501029894
INFO:root:0.1, 0.54, 0.462722325436
INFO:root:0.1, 0.56, 0.466144705665
INFO:root:0.1, 0.58, 0.465660244587
INFO:root:0.1, 0.6, 0.469058766438
INFO:root:0.1, 0.62, 0.462668548979
INFO:root:0.1, 0.64, 0.469998784085
INFO:root:0.1, 0.66, 0.469950522958
INFO:root:0.1, 0.68, 0.473639008175
INFO:root:0.1, 0.7, 0.474577771136
INFO:root:0.1, 0.72, 0.474595206377
INFO:root:0.1, 0.74, 0.478263348338
INFO:root:0.1, 0.76, 0.476166393088
INFO:root:0.1, 0.78, 0.474830668602
INFO:root:0.12, 0.4, 0.451646532115
INFO:root:0.12, 0.42, 0.452175751645
INFO:root:0.12, 0.44, 0.453285566478
INFO:root:0.12, 0.46, 0.458479274251
INFO:root:0.12, 0.48, 0.464893766784
INFO:root:0.12, 0.5, 0.466878242668
INFO:root:0.12, 0.52, 0.46675428095
INFO:root:0.12, 0.54, 0.465644326278
INFO:root:0.12, 0.56, 0.468807174636
INFO:root:0.12, 0.58, 0.473666584849
INFO:root:0.12, 0.6, 0.47148477799
INFO:root:0.12, 0.62, 0.471162363575
INFO:root:0.12, 0.64, 0.471713196253
INFO:root:0.12, 0.66, 0.480595580286
INFO:root:0.12, 0.68, 0.480201085316
INFO:root:0.12, 0.7, 0.479288304837
INFO:root:0.12, 0.72, 0.479823465012
INFO:root:0.12, 0.74, 0.482765595982
INFO:root:0.12, 0.76, 0.482582110092
INFO:root:0.12, 0.78, 0.485418621835
INFO:root:0.14, 0.4, 0.453180350905
INFO:root:0.14, 0.42, 0.457049955842
INFO:root:0.14, 0.44, 0.460776707815
INFO:root:0.14, 0.46, 0.465537050439
INFO:root:0.14, 0.48, 0.470994104247
INFO:root:0.14, 0.5, 0.468787871006
INFO:root:0.14, 0.52, 0.471206800424
INFO:root:0.14, 0.54, 0.474153410315
INFO:root:0.14, 0.56, 0.475186660977
INFO:root:0.14, 0.58, 0.477019300642
INFO:root:0.14, 0.6, 0.477462995118
INFO:root:0.14, 0.62, 0.479902216222
INFO:root:0.14, 0.64, 0.475839968631
INFO:root:0.14, 0.66, 0.481329203102
INFO:root:0.14, 0.68, 0.481756550868
INFO:root:0.14, 0.7, 0.478382057238
INFO:root:0.14, 0.72, 0.482431194942
INFO:root:0.14, 0.74, 0.489484906804
INFO:root:0.14, 0.76, 0.48512861002
INFO:root:0.14, 0.78, 0.486989945292
INFO:root:0.16, 0.4, 0.454141273406
INFO:root:0.16, 0.42, 0.463278492338
INFO:root:0.16, 0.44, 0.461922661945
INFO:root:0.16, 0.46, 0.467754698376
INFO:root:0.16, 0.48, 0.468338456994
INFO:root:0.16, 0.5, 0.469868175877
INFO:root:0.16, 0.52, 0.468770874414
INFO:root:0.16, 0.54, 0.472457566875
INFO:root:0.16, 0.56, 0.479279318183
INFO:root:0.16, 0.58, 0.474744228794
INFO:root:0.16, 0.6, 0.473816612671
INFO:root:0.16, 0.62, 0.476034866587
INFO:root:0.16, 0.64, 0.485871178191
INFO:root:0.16, 0.66, 0.48209497761
INFO:root:0.16, 0.68, 0.490024140033
INFO:root:0.16, 0.7, 0.486636015261
INFO:root:0.16, 0.72, 0.485340821207
INFO:root:0.16, 0.74, 0.494256491269
INFO:root:0.16, 0.76, 0.489920349392
INFO:root:0.16, 0.78, 0.48068350593
INFO:root:0.18, 0.4, 0.457491307674
INFO:root:0.18, 0.42, 0.466218721058
INFO:root:0.18, 0.44, 0.464006378783
INFO:root:0.18, 0.46, 0.455464228452
INFO:root:0.18, 0.48, 0.464917603343
INFO:root:0.18, 0.5, 0.468213497853
INFO:root:0.18, 0.52, 0.472786907438
INFO:root:0.18, 0.54, 0.465662804007
INFO:root:0.18, 0.56, 0.477347509571
INFO:root:0.18, 0.58, 0.477228705544
INFO:root:0.18, 0.6, 0.476234698546
INFO:root:0.18, 0.62, 0.475315918047
INFO:root:0.18, 0.64, 0.481658269255
INFO:root:0.18, 0.66, 0.483121460857
INFO:root:0.18, 0.68, 0.48531542623
INFO:root:0.18, 0.7, 0.485434785531
INFO:root:0.18, 0.72, 0.48965320093
INFO:root:0.18, 0.74, 0.487695518057
INFO:root:0.18, 0.76, 0.491127924126
INFO:root:0.18, 0.78, 0.48317748753
INFO:root:0.2, 0.4, 0.447382410973
INFO:root:0.2, 0.42, 0.450727568664
INFO:root:0.2, 0.44, 0.458495617645
INFO:root:0.2, 0.46, 0.465506182666
INFO:root:0.2, 0.48, 0.46438849213
INFO:root:0.2, 0.5, 0.472498687391
INFO:root:0.2, 0.52, 0.469001615342
INFO:root:0.2, 0.54, 0.466634682783
INFO:root:0.2, 0.56, 0.477009728849
INFO:root:0.2, 0.58, 0.48053423443
INFO:root:0.2, 0.6, 0.475920986527
INFO:root:0.2, 0.62, 0.471525428056
INFO:root:0.2, 0.64, 0.481994764301
INFO:root:0.2, 0.66, 0.482898290521
INFO:root:0.2, 0.68, 0.484474301821
INFO:root:0.2, 0.7, 0.490435385579
INFO:root:0.2, 0.72, 0.486968100117
INFO:root:0.2, 0.74, 0.491157773263
INFO:root:0.2, 0.76, 0.492828659187
INFO:root:0.2, 0.78, 0.497010440988
INFO:root:0.22, 0.4, 0.451100294036
INFO:root:0.22, 0.42, 0.450460279867
INFO:root:0.22, 0.44, 0.456717641578
INFO:root:0.22, 0.46, 0.453532299649
INFO:root:0.22, 0.48, 0.459827495642
INFO:root:0.22, 0.5, 0.460390273475
INFO:root:0.22, 0.52, 0.466401855403
INFO:root:0.22, 0.54, 0.463968622031
INFO:root:0.22, 0.56, 0.477667919509
INFO:root:0.22, 0.58, 0.475182382197
INFO:root:0.22, 0.6, 0.476092489156
INFO:root:0.22, 0.62, 0.477467900314
INFO:root:0.22, 0.64, 0.475369943393
INFO:root:0.22, 0.66, 0.479443086274
INFO:root:0.22, 0.68, 0.484618188103
INFO:root:0.22, 0.7, 0.495028831564
INFO:root:0.22, 0.72, 0.47913384566
INFO:root:0.22, 0.74, 0.486680215908
INFO:root:0.22, 0.76, 0.490239683673
INFO:root:0.22, 0.78, 0.494601021669
INFO:root:0.24, 0.4, 0.445249932148
INFO:root:0.24, 0.42, 0.448665449988
INFO:root:0.24, 0.44, 0.454301686728
INFO:root:0.24, 0.46, 0.457601751962
INFO:root:0.24, 0.48, 0.466969860284
INFO:root:0.24, 0.5, 0.458656279657
INFO:root:0.24, 0.52, 0.462804343576
INFO:root:0.24, 0.54, 0.460917952536
INFO:root:0.24, 0.56, 0.471064469877
INFO:root:0.24, 0.58, 0.468380560394
INFO:root:0.24, 0.6, 0.480078387421
INFO:root:0.24, 0.62, 0.470587646126
INFO:root:0.24, 0.64, 0.482620625393
INFO:root:0.24, 0.66, 0.474527733231
INFO:root:0.24, 0.68, 0.480731655909
INFO:root:0.24, 0.7, 0.483346628053
INFO:root:0.24, 0.72, 0.49246936646
INFO:root:0.24, 0.74, 0.481691086209
INFO:root:0.24, 0.76, 0.48131397345
INFO:root:0.24, 0.78, 0.488144149773
INFO:root:0.26, 0.4, 0.443531145338
INFO:root:0.26, 0.42, 0.450414579121
INFO:root:0.26, 0.44, 0.447473143931
INFO:root:0.26, 0.46, 0.456386304244
INFO:root:0.26, 0.48, 0.455844275593
INFO:root:0.26, 0.5, 0.463186309231
INFO:root:0.26, 0.52, 0.456099097404
INFO:root:0.26, 0.54, 0.451438405354
INFO:root:0.26, 0.56, 0.465672483901
INFO:root:0.26, 0.58, 0.465193070909
INFO:root:0.26, 0.6, 0.471583311676
INFO:root:0.26, 0.62, 0.476215591112
INFO:root:0.26, 0.64, 0.475746585951
INFO:root:0.26, 0.66, 0.472642083264
INFO:root:0.26, 0.68, 0.475481557966
INFO:root:0.26, 0.7, 0.482636898949
INFO:root:0.26, 0.72, 0.482646408694
INFO:root:0.26, 0.74, 0.478715256965
INFO:root:0.26, 0.76, 0.4803409532
INFO:root:0.26, 0.78, 0.482329793553
INFO:root:0.28, 0.4, 0.440698330709
INFO:root:0.28, 0.42, 0.446401327873
INFO:root:0.28, 0.44, 0.447049282407
INFO:root:0.28, 0.46, 0.460039151912
INFO:root:0.28, 0.48, 0.448457901724
INFO:root:0.28, 0.5, 0.460860901684
INFO:root:0.1, 0.4, 0.448423126992
INFO:root:0.1, 0.42, 0.451558303643
INFO:root:0.1, 0.44, 0.445190170519
INFO:root:0.1, 0.46, 0.452106953869
INFO:root:0.1, 0.48, 0.458426026848
INFO:root:0.1, 0.5, 0.459772926307
INFO:root:0.1, 0.52, 0.458344597935
INFO:root:0.1, 0.54, 0.464704200151
INFO:root:0.1, 0.56, 0.466628281621
INFO:root:0.1, 0.58, 0.465937444655
INFO:root:0.1, 0.6, 0.468890105668
INFO:root:0.1, 0.62, 0.465433384841
INFO:root:0.1, 0.64, 0.473460470422
INFO:root:0.1, 0.66, 0.471413450486
INFO:root:0.1, 0.68, 0.468341753719
INFO:root:0.1, 0.7, 0.471741494199
INFO:root:0.1, 0.72, 0.468389082924
INFO:root:0.1, 0.74, 0.475333282145
INFO:root:0.1, 0.76, 0.47678402685
INFO:root:0.1, 0.78, 0.472635792964
INFO:root:0.1, 0.8, 0.47034251462
INFO:root:0.1, 0.82, 0.46260949727
INFO:root:0.1, 0.84, 0.465737752611
INFO:root:0.1, 0.86, 0.465820565414
INFO:root:0.1, 0.88, 0.461990718649
INFO:root:0.1, 0.9, 0.465087635774
INFO:root:0.1, 0.92, 0.458068219022
INFO:root:0.1, 0.94, 0.455913257101
INFO:root:0.1, 0.96, 0.457694487717
INFO:root:0.1, 0.98, 0.450944851342
INFO:root:0.12, 0.4, 0.450785870594
INFO:root:0.12, 0.42, 0.450333966637
INFO:root:0.12, 0.44, 0.451582862206
INFO:root:0.12, 0.46, 0.460624201502
INFO:root:0.12, 0.48, 0.463308619983
INFO:root:0.12, 0.5, 0.466227576985
INFO:root:0.12, 0.52, 0.469206359279
INFO:root:0.12, 0.54, 0.464249308632
INFO:root:0.12, 0.56, 0.477350970002
INFO:root:0.12, 0.58, 0.468803445926
INFO:root:0.12, 0.6, 0.468111391848
INFO:root:0.12, 0.62, 0.473029876984
INFO:root:0.12, 0.64, 0.477407478882
INFO:root:0.12, 0.66, 0.483617231213
INFO:root:0.12, 0.68, 0.481184548638
INFO:root:0.12, 0.7, 0.486819862097
INFO:root:0.12, 0.72, 0.480743204931
INFO:root:0.12, 0.74, 0.483389699019
INFO:root:0.12, 0.76, 0.48660173422
INFO:root:0.12, 0.78, 0.484775197034
INFO:root:0.12, 0.8, 0.476553691836
INFO:root:0.12, 0.82, 0.476991760243
INFO:root:0.12, 0.84, 0.473463167151
INFO:root:0.12, 0.86, 0.473268383635
INFO:root:0.12, 0.88, 0.473390156927
INFO:root:0.12, 0.9, 0.478129106223
INFO:root:0.12, 0.92, 0.475537671458
INFO:root:0.12, 0.94, 0.466497020053
INFO:root:0.12, 0.96, 0.459241458148
INFO:root:0.12, 0.98, 0.465289084095
INFO:root:0.14, 0.4, 0.458208495469
INFO:root:0.14, 0.42, 0.454108922573
INFO:root:0.14, 0.44, 0.462149746742
INFO:root:0.14, 0.46, 0.46132423673
INFO:root:0.14, 0.48, 0.462648007626
INFO:root:0.14, 0.5, 0.464278579537
INFO:root:0.14, 0.52, 0.471035562564
INFO:root:0.14, 0.54, 0.471750455639
INFO:root:0.14, 0.56, 0.477320306464
INFO:root:0.14, 0.58, 0.477236954875
INFO:root:0.14, 0.6, 0.480382052734
INFO:root:0.14, 0.62, 0.481274392231
INFO:root:0.14, 0.64, 0.474270932968
INFO:root:0.14, 0.66, 0.47607850131
INFO:root:0.14, 0.68, 0.483517790919
INFO:root:0.14, 0.7, 0.488151296757
INFO:root:0.14, 0.72, 0.485145864582
INFO:root:0.14, 0.74, 0.484592991448
INFO:root:0.14, 0.76, 0.483344991702
INFO:root:0.14, 0.78, 0.4877193364
INFO:root:0.14, 0.8, 0.484680891979
INFO:root:0.14, 0.82, 0.477597514372
INFO:root:0.14, 0.84, 0.479753832533
INFO:root:0.14, 0.86, 0.473711611729
INFO:root:0.14, 0.88, 0.482084996422
INFO:root:0.14, 0.9, 0.480740406718
INFO:root:0.14, 0.92, 0.474913462265
INFO:root:0.14, 0.94, 0.474661129409
INFO:root:0.14, 0.96, 0.473359142117
INFO:root:0.14, 0.98, 0.469960771939
INFO:root:0.16, 0.4, 0.454041743988
INFO:root:0.16, 0.42, 0.456189675631
INFO:root:0.16, 0.44, 0.462630226655
INFO:root:0.16, 0.46, 0.461360001684
INFO:root:0.16, 0.48, 0.464759886341
INFO:root:0.16, 0.5, 0.465638452041
INFO:root:0.16, 0.52, 0.476026241518
INFO:root:0.16, 0.54, 0.468174547296
INFO:root:0.16, 0.56, 0.470267443945
INFO:root:0.16, 0.58, 0.48069142081
INFO:root:0.16, 0.6, 0.472125580388
INFO:root:0.16, 0.62, 0.476250157799
INFO:root:0.16, 0.64, 0.476578699422
INFO:root:0.16, 0.66, 0.481195135475
INFO:root:0.16, 0.68, 0.483630377322
INFO:root:0.16, 0.7, 0.481711956324
INFO:root:0.16, 0.72, 0.488762706583
INFO:root:0.16, 0.74, 0.488609201533
INFO:root:0.16, 0.76, 0.491585287011
INFO:root:0.16, 0.78, 0.481124178998
INFO:root:0.16, 0.8, 0.485135536938
INFO:root:0.16, 0.82, 0.483640429206
INFO:root:0.16, 0.84, 0.482602793125
INFO:root:0.16, 0.86, 0.482841225343
INFO:root:0.16, 0.88, 0.488145095801
INFO:root:0.16, 0.9, 0.486237770668
INFO:root:0.16, 0.92, 0.481421082788
INFO:root:0.16, 0.94, 0.479432981794
INFO:root:0.16, 0.96, 0.473973016862
INFO:root:0.16, 0.98, 0.476366237512
INFO:root:0.18, 0.4, 0.45549236313
INFO:root:0.18, 0.42, 0.460261093143
INFO:root:0.18, 0.44, 0.453428312904
INFO:root:0.18, 0.46, 0.471173193676
INFO:root:0.18, 0.48, 0.466488527385
INFO:root:0.18, 0.5, 0.46375071777
INFO:root:0.18, 0.52, 0.47005356947
INFO:root:0.18, 0.54, 0.473355439046
INFO:root:0.18, 0.56, 0.469593406026
INFO:root:0.18, 0.58, 0.477418742082
INFO:root:0.18, 0.6, 0.474688226115
INFO:root:0.18, 0.62, 0.480784491301
INFO:root:0.18, 0.64, 0.476671283176
INFO:root:0.18, 0.66, 0.47694306033
INFO:root:0.18, 0.68, 0.482351477913
INFO:root:0.18, 0.7, 0.486413818777
INFO:root:0.18, 0.72, 0.492009418981
INFO:root:0.18, 0.74, 0.484513046882
INFO:root:0.18, 0.76, 0.488885248664
INFO:root:0.18, 0.78, 0.49037980079
INFO:root:0.18, 0.8, 0.492370802543
INFO:root:0.18, 0.82, 0.481567332963
INFO:root:0.18, 0.84, 0.489954467528
INFO:root:0.18, 0.86, 0.489624190183
INFO:root:0.18, 0.88, 0.48515344436
INFO:root:0.18, 0.9, 0.487600101838
INFO:root:0.18, 0.92, 0.483247490016
INFO:root:0.18, 0.94, 0.481081944189
INFO:root:0.18, 0.96, 0.476463829544
INFO:root:0.18, 0.98, 0.475289177375
INFO:root:0.2, 0.4, 0.453368939832
INFO:root:0.2, 0.42, 0.459652706484
INFO:root:0.2, 0.44, 0.458233175984
INFO:root:0.2, 0.46, 0.458229677675
INFO:root:0.2, 0.48, 0.465955452833
INFO:root:0.2, 0.5, 0.469432350632
INFO:root:0.2, 0.52, 0.465952604407
INFO:root:0.2, 0.54, 0.469402483796
INFO:root:0.2, 0.56, 0.466591997382
INFO:root:0.2, 0.58, 0.478744792491
INFO:root:0.2, 0.6, 0.47552105451
INFO:root:0.2, 0.62, 0.476869955399
INFO:root:0.2, 0.64, 0.477171062171
INFO:root:0.2, 0.66, 0.479876964155
INFO:root:0.2, 0.68, 0.484783937002
INFO:root:0.2, 0.7, 0.493324551754
INFO:root:0.2, 0.72, 0.488125349016
INFO:root:0.2, 0.74, 0.489361921007
INFO:root:0.2, 0.76, 0.491086389924
INFO:root:0.2, 0.78, 0.491428763951
INFO:root:0.2, 0.8, 0.489671495924
INFO:root:0.2, 0.82, 0.489009702406
INFO:root:0.2, 0.84, 0.488663343428
INFO:root:0.2, 0.86, 0.490716657061
INFO:root:0.2, 0.88, 0.484454267424
INFO:root:0.2, 0.9, 0.484545971058
INFO:root:0.2, 0.92, 0.49071922504
INFO:root:0.2, 0.94, 0.485740398537
INFO:root:0.2, 0.96, 0.480452867356
INFO:root:0.2, 0.98, 0.486901008411
INFO:root:0.22, 0.4, 0.446340582899
INFO:root:0.22, 0.42, 0.452588801237
INFO:root:0.22, 0.44, 0.454835884647
INFO:root:0.22, 0.46, 0.464640010635
INFO:root:0.22, 0.48, 0.465208022432
INFO:root:0.22, 0.5, 0.465123117763
INFO:root:0.22, 0.52, 0.464847973983
INFO:root:0.22, 0.54, 0.469517681503
INFO:root:0.22, 0.56, 0.472089304647
INFO:root:0.22, 0.58, 0.474064278781
INFO:root:0.22, 0.6, 0.476736406468
INFO:root:0.22, 0.62, 0.475267933807
INFO:root:0.22, 0.64, 0.475956647099
INFO:root:0.22, 0.66, 0.478527285562
INFO:root:0.22, 0.68, 0.479591005277
INFO:root:0.22, 0.7, 0.483089306228
INFO:root:0.22, 0.72, 0.490254577553
INFO:root:0.22, 0.74, 0.489192557033
INFO:root:0.22, 0.76, 0.487123227141
INFO:root:0.22, 0.78, 0.47878548841
INFO:root:0.22, 0.8, 0.487645183651
INFO:root:0.22, 0.82, 0.488592882086
INFO:root:0.22, 0.84, 0.488859486047
INFO:root:0.22, 0.86, 0.487887026504
INFO:root:0.22, 0.88, 0.48748904148
INFO:root:0.22, 0.9, 0.486581413914
INFO:root:0.22, 0.92, 0.488726782429
INFO:root:0.22, 0.94, 0.484414966368
INFO:root:0.22, 0.96, 0.480290493512
INFO:root:0.22, 0.98, 0.47161322835
INFO:root:0.24, 0.4, 0.449478682183
INFO:root:0.24, 0.42, 0.454261479854
INFO:root:0.24, 0.44, 0.455075773891
INFO:root:0.24, 0.46, 0.453421161825
INFO:root:0.24, 0.48, 0.456765606585
INFO:root:0.24, 0.5, 0.468378542457
INFO:root:0.24, 0.52, 0.46098224712
INFO:root:0.24, 0.54, 0.471829030408
INFO:root:0.24, 0.56, 0.471195296
INFO:root:0.24, 0.58, 0.473121713617
INFO:root:0.24, 0.6, 0.476947746035
INFO:root:0.24, 0.62, 0.47279365084
INFO:root:0.24, 0.64, 0.477677750756
INFO:root:0.24, 0.66, 0.475367824655
INFO:root:0.24, 0.68, 0.482445037966
INFO:root:0.24, 0.7, 0.483442157482
INFO:root:0.24, 0.72, 0.479228460811
INFO:root:0.24, 0.74, 0.482899600828
INFO:root:0.24, 0.76, 0.491518526659
INFO:root:0.24, 0.78, 0.489047489367
INFO:root:0.24, 0.8, 0.485856719587
INFO:root:0.24, 0.82, 0.493683813744
INFO:root:0.24, 0.84, 0.488469470158
INFO:root:0.24, 0.86, 0.491182552195
INFO:root:0.24, 0.88, 0.490554305139
INFO:root:0.24, 0.9, 0.491690318473
INFO:root:0.24, 0.92, 0.48687839638
INFO:root:0.24, 0.94, 0.47816300934
INFO:root:0.24, 0.96, 0.476353384738
INFO:root:0.24, 0.98, 0.480190729612
INFO:root:0.26, 0.4, 0.441937892947
INFO:root:0.26, 0.42, 0.449180268029
INFO:root:0.26, 0.44, 0.446146104835
INFO:root:0.26, 0.46, 0.458233538288
INFO:root:0.26, 0.48, 0.452345886277
INFO:root:0.26, 0.5, 0.455867923042
INFO:root:0.26, 0.52, 0.458292276872
INFO:root:0.26, 0.54, 0.465145096513
INFO:root:0.26, 0.56, 0.46406492663
INFO:root:0.26, 0.58, 0.468618659221
INFO:root:0.26, 0.6, 0.466947296188
INFO:root:0.26, 0.62, 0.476246526212
INFO:root:0.26, 0.64, 0.476482921053
INFO:root:0.26, 0.66, 0.473202620812
INFO:root:0.26, 0.68, 0.480586775743
INFO:root:0.26, 0.7, 0.480196749488
INFO:root:0.26, 0.72, 0.481101733485
INFO:root:0.26, 0.74, 0.486119663415
INFO:root:0.26, 0.76, 0.484593115224
INFO:root:0.26, 0.78, 0.489276582084
INFO:root:0.26, 0.8, 0.479983867909
INFO:root:0.26, 0.82, 0.485172687156
INFO:root:0.26, 0.84, 0.487218378441
INFO:root:0.26, 0.86, 0.48263081669
INFO:root:0.26, 0.88, 0.485187007942
INFO:root:0.26, 0.9, 0.486899958138
INFO:root:0.26, 0.92, 0.484230293207
INFO:root:0.26, 0.94, 0.481675146426
INFO:root:0.26, 0.96, 0.482670708992
INFO:root:0.26, 0.98, 0.474659636073
INFO:root:0.28, 0.4, 0.443633832784
INFO:root:0.28, 0.42, 0.446868079745
INFO:root:0.28, 0.44, 0.453892550361
INFO:root:0.28, 0.46, 0.444507001839
INFO:root:0.28, 0.48, 0.454176164783
INFO:root:0.28, 0.5, 0.456625106083
INFO:root:0.28, 0.52, 0.460207892356
INFO:root:0.28, 0.54, 0.463626129353
INFO:root:0.28, 0.56, 0.463628296566
INFO:root:0.28, 0.58, 0.459221207488
INFO:root:0.28, 0.6, 0.468455920463
INFO:root:0.28, 0.62, 0.46941232679
INFO:root:0.28, 0.64, 0.46501050574
INFO:root:0.28, 0.66, 0.470670863217
INFO:root:0.28, 0.68, 0.476266720297
INFO:root:0.28, 0.7, 0.475884200262
INFO:root:0.28, 0.72, 0.479714577689
INFO:root:0.28, 0.74, 0.481488789615
INFO:root:0.28, 0.76, 0.485928976895
INFO:root:0.28, 0.78, 0.481365918258
INFO:root:0.28, 0.8, 0.479540507566
INFO:root:0.28, 0.82, 0.484481194542
INFO:root:0.28, 0.84, 0.482205069921
INFO:root:0.28, 0.86, 0.488703151373
INFO:root:0.28, 0.88, 0.487714962276
INFO:root:0.28, 0.9, 0.489651129367
INFO:root:0.28, 0.92, 0.483617648816
INFO:root:0.28, 0.94, 0.473995391328
INFO:root:0.28, 0.96, 0.475178015875
INFO:root:0.28, 0.98, 0.47270221619
INFO:root:0.3, 0.4, 0.437198256592
INFO:root:0.3, 0.42, 0.440807014266
INFO:root:0.3, 0.44, 0.448603417101
INFO:root:0.3, 0.46, 0.451410630829
INFO:root:0.3, 0.48, 0.45760226745
INFO:root:0.3, 0.5, 0.450258354365
INFO:root:0.3, 0.52, 0.45654492913
INFO:root:0.3, 0.54, 0.454982305954
INFO:root:0.3, 0.56, 0.464304294784
INFO:root:0.3, 0.58, 0.467057676189
INFO:root:0.3, 0.6, 0.466460413679
INFO:root:0.3, 0.62, 0.46336471487
INFO:root:0.3, 0.64, 0.472953504292
INFO:root:0.3, 0.66, 0.474501961033
INFO:root:0.3, 0.68, 0.47104405484
INFO:root:0.3, 0.7, 0.477909604733
INFO:root:0.3, 0.72, 0.480197771465
INFO:root:0.3, 0.74, 0.476130781718
INFO:root:0.3, 0.76, 0.475916187318
INFO:root:0.3, 0.78, 0.475452708721
INFO:root:0.3, 0.8, 0.474110796804
INFO:root:0.3, 0.82, 0.479448878227
INFO:root:0.3, 0.84, 0.486075721738
INFO:root:0.3, 0.86, 0.484557205947
INFO:root:0.3, 0.88, 0.479843906228
INFO:root:0.3, 0.9, 0.483083173363
INFO:root:0.3, 0.92, 0.482300082306
INFO:root:0.3, 0.94, 0.475850860624
INFO:root:0.3, 0.96, 0.473880190563
INFO:root:0.3, 0.98, 0.472208615617
INFO:root:0.32, 0.4, 0.438028360735
INFO:root:0.32, 0.42, 0.43882770195
INFO:root:0.32, 0.44, 0.442311037209
INFO:root:0.32, 0.46, 0.443470700402
INFO:root:0.32, 0.48, 0.448290956438
INFO:root:0.32, 0.5, 0.449744360139
INFO:root:0.32, 0.52, 0.446605897193
INFO:root:0.32, 0.54, 0.448822628164
INFO:root:0.32, 0.56, 0.458418525019
INFO:root:0.32, 0.58, 0.454024180386
INFO:root:0.32, 0.6, 0.461304627649
INFO:root:0.32, 0.62, 0.460419743704
INFO:root:0.32, 0.64, 0.457491600632
INFO:root:0.32, 0.66, 0.467231440304
INFO:root:0.32, 0.68, 0.470918009262
INFO:root:0.32, 0.7, 0.470012534639
INFO:root:0.32, 0.72, 0.468225184084
INFO:root:0.32, 0.74, 0.478890943152
INFO:root:0.32, 0.76, 0.475342071752
INFO:root:0.32, 0.78, 0.473212297131
INFO:root:0.32, 0.8, 0.468083239204
INFO:root:0.32, 0.82, 0.483399525679
INFO:root:0.32, 0.84, 0.477308352712
INFO:root:0.32, 0.86, 0.481626095733
INFO:root:0.32, 0.88, 0.478764673842
INFO:root:0.32, 0.9, 0.47496738957
INFO:root:0.32, 0.92, 0.476220279515
INFO:root:0.32, 0.94, 0.474912722273
INFO:root:0.32, 0.96, 0.470521387854
INFO:root:0.32, 0.98, 0.468679485599
INFO:root:0.34, 0.4, 0.429431344936
INFO:root:0.34, 0.42, 0.436255730229
INFO:root:0.34, 0.44, 0.436536432243
INFO:root:0.34, 0.46, 0.442469388863
INFO:root:0.34, 0.48, 0.43450042408
INFO:root:0.34, 0.5, 0.446101144972
INFO:root:0.34, 0.52, 0.443595059165
INFO:root:0.34, 0.54, 0.450906159918
INFO:root:0.34, 0.56, 0.456909018458
INFO:root:0.34, 0.58, 0.459939357048
INFO:root:0.34, 0.6, 0.448784497591
INFO:root:0.34, 0.62, 0.452403415265
INFO:root:0.34, 0.64, 0.45745500775
INFO:root:0.34, 0.66, 0.456420323621
INFO:root:0.34, 0.68, 0.466411753415
INFO:root:0.34, 0.7, 0.466380351147
INFO:root:0.34, 0.72, 0.463582038061
INFO:root:0.34, 0.74, 0.472204741924
INFO:root:0.34, 0.76, 0.466142129321
INFO:root:0.34, 0.78, 0.472076344252
INFO:root:0.34, 0.8, 0.472223664349
INFO:root:0.34, 0.82, 0.476615741535
INFO:root:0.34, 0.84, 0.472447906879
INFO:root:0.34, 0.86, 0.482768057148
INFO:root:0.34, 0.88, 0.474982013851
INFO:root:0.34, 0.9, 0.475151295982
INFO:root:0.34, 0.92, 0.473874395142
INFO:root:0.34, 0.94, 0.465268318173
INFO:root:0.34, 0.96, 0.46470146033
INFO:root:0.34, 0.98, 0.461072288338
INFO:root:0.36, 0.4, 0.421663033031
INFO:root:0.36, 0.42, 0.431177011605
INFO:root:0.36, 0.44, 0.429161921127
INFO:root:0.36, 0.46, 0.437386233205
INFO:root:0.36, 0.48, 0.434148509019
INFO:root:0.36, 0.5, 0.441522921374
INFO:root:0.36, 0.52, 0.440900411838
INFO:root:0.36, 0.54, 0.450783502633
INFO:root:0.36, 0.56, 0.449205958984
INFO:root:0.36, 0.58, 0.445361361881
INFO:root:0.36, 0.6, 0.456539307166
INFO:root:0.36, 0.62, 0.455813383059
INFO:root:0.36, 0.64, 0.453791959445
INFO:root:0.36, 0.66, 0.459588267051
INFO:root:0.36, 0.68, 0.464897581561
INFO:root:0.36, 0.7, 0.461445403503
INFO:root:0.36, 0.72, 0.462982201363
INFO:root:0.36, 0.74, 0.461974776991
INFO:root:0.36, 0.76, 0.471341626982
INFO:root:0.36, 0.78, 0.461588135173
INFO:root:0.36, 0.8, 0.467458966672
INFO:root:0.36, 0.82, 0.466441317416
INFO:root:0.36, 0.84, 0.476331731935
INFO:root:0.36, 0.86, 0.470411070618
INFO:root:0.36, 0.88, 0.463260863741
INFO:root:0.36, 0.9, 0.473181435534
INFO:root:0.36, 0.92, 0.465027287019
INFO:root:0.36, 0.94, 0.461601438957
INFO:root:0.36, 0.96, 0.456509841616
INFO:root:0.36, 0.98, 0.449661026564
INFO:root:0.38, 0.4, 0.425575578809
INFO:root:0.38, 0.42, 0.420400111103
INFO:root:0.38, 0.44, 0.425155416762
INFO:root:0.38, 0.46, 0.427659198884
INFO:root:0.38, 0.48, 0.432013548304
INFO:root:0.38, 0.5, 0.433997685878
INFO:root:0.38, 0.52, 0.436185339919
INFO:root:0.38, 0.54, 0.433624384461
INFO:root:0.38, 0.56, 0.443535240885
INFO:root:0.38, 0.58, 0.445246119649
INFO:root:0.38, 0.6, 0.450992886275
INFO:root:0.38, 0.62, 0.448633748195
INFO:root:0.38, 0.64, 0.453360026798
INFO:root:0.38, 0.66, 0.448288585585
INFO:root:0.38, 0.68, 0.451694601508
INFO:root:0.38, 0.7, 0.454418066727
INFO:root:0.38, 0.72, 0.456444732321
INFO:root:0.38, 0.74, 0.464471950876
INFO:root:0.38, 0.76, 0.46386203659
INFO:root:0.38, 0.78, 0.459671453627
INFO:root:0.38, 0.8, 0.465979229506
INFO:root:0.38, 0.82, 0.469284261599
INFO:root:0.38, 0.84, 0.471706391749
INFO:root:0.38, 0.86, 0.468994606573
INFO:root:0.38, 0.88, 0.467316474106
INFO:root:0.38, 0.9, 0.466808692225
INFO:root:0.38, 0.92, 0.466113698694
INFO:root:0.38, 0.94, 0.46861767188
INFO:root:0.38, 0.96, 0.45498931061
INFO:root:0.38, 0.98, 0.455457528285
INFO:root:0.4, 0.4, 0.414438905845
INFO:root:0.4, 0.42, 0.422241071305
INFO:root:0.4, 0.44, 0.419018113264
INFO:root:0.4, 0.46, 0.426237909657
INFO:root:0.4, 0.48, 0.428814607975
INFO:root:0.4, 0.5, 0.431182322469
INFO:root:0.4, 0.52, 0.441617940238
INFO:root:0.4, 0.54, 0.432898131254
INFO:root:0.4, 0.56, 0.437454822391
INFO:root:0.4, 0.58, 0.451139865913
INFO:root:0.4, 0.6, 0.447790772331
INFO:root:0.4, 0.62, 0.437459523897
INFO:root:0.4, 0.64, 0.447095246646
INFO:root:0.4, 0.66, 0.452664079763
INFO:root:0.4, 0.68, 0.450007795993
INFO:root:0.4, 0.7, 0.45586736707
INFO:root:0.4, 0.72, 0.449928147403
INFO:root:0.4, 0.74, 0.456846867366
INFO:root:0.4, 0.76, 0.457967636507
INFO:root:0.4, 0.78, 0.464572004396
INFO:root:0.4, 0.8, 0.465897683211
INFO:root:0.4, 0.82, 0.461428876341
INFO:root:0.4, 0.84, 0.466031863873
INFO:root:0.4, 0.86, 0.470705198044
INFO:root:0.4, 0.88, 0.460535528779
INFO:root:0.4, 0.9, 0.456837628407
INFO:root:0.4, 0.92, 0.463081229714
INFO:root:0.4, 0.94, 0.45859881913
INFO:root:0.4, 0.96, 0.453406937122
INFO:root:0.4, 0.98, 0.450539794939
